Exporter version: 6.4.1, Blender version: 2.83.0
========= Conversion from Blender to Babylon.js =========
	Scene settings used :
		Inline textures     :  false
		Material Type       :  PBR
		Positions Precision :  4
		Normals Precision   :  3
		UVs Precision       :  3
		Vert Color Precision:  3
		Mat Weight Precision:  2
		Keep Z-up r-handed  :  no
		Texture directory   :  G:\My Drive\Maestría\Sapienza\Semester 2\Graphical Computer\Final_Project\RacingCar_v1\RacingCar\
	Python World class constructor completed
	processing begun of node:  root
	processing begun of node:  node_id117
	processing begun of node:  node_id4
	processing begun of node:  node_id5
	processing begun of node:  node_id6
	processing begun of node:  node_id7
	processing begun of node:  node_id8
	processing begun of node:  node_id9
	processing begun of node:  node_id10
	processing begun of node:  node_id11
	processing begun of node:  node_id12
	processing begun of node:  node_id13
	processing begun of node:  node_id14
	processing begun of node:  node_id15
	processing begun of node:  node_id16
	processing begun of node:  node_id17
	processing begun of node:  node_id18
	processing begun of node:  node_id19
	processing begun of node:  node_id20
	processing begun of node:  node_id21
	processing begun of node:  node_id22
	processing begun of node:  node_id23
	processing begun of node:  node_id24
	processing begun of node:  node_id25
	processing begun of node:  node_id26
	processing begun of node:  node_id27
	processing begun of node:  node_id28
	processing begun of node:  node_id29
	processing begun of node:  node_id30
	processing begun of node:  node_id31
	processing begun of node:  node_id32
	processing begun of node:  node_id33
	processing begun of node:  node_id34
	processing begun of node:  node_id35
	processing begun of node:  node_id36
	processing begun of node:  node_id37
	processing begun of node:  node_id38
	processing begun of node:  node_id39
	processing begun of node:  node_id40
	processing begun of node:  node_id41
	processing begun of node:  node_id42
	processing begun of node:  node_id43
	processing begun of node:  node_id44
	processing begun of node:  node_id45
	processing begun of node:  node_id46
	processing begun of node:  node_id47
	processing begun of node:  node_id48
	processing begun of node:  node_id49
	processing begun of node:  node_id50
	processing begun of node:  node_id51
	processing begun of node:  node_id52
	processing begun of node:  node_id53
	processing begun of node:  node_id54
	processing begun of node:  node_id55
	processing begun of node:  node_id56
	processing begun of node:  node_id57
	processing begun of node:  node_id58
	processing begun of node:  node_id59
	processing begun of node:  node_id60
	processing begun of node:  node_id61
	processing begun of node:  node_id62
	processing begun of node:  node_id63
	processing begun of node:  node_id64
	processing begun of node:  node_id65
	processing begun of node:  node_id66
	processing begun of node:  node_id67
	processing begun of node:  node_id68
	processing begun of node:  node_id69
	processing begun of node:  node_id70
	processing begun of node:  node_id71
	processing begun of node:  node_id72
	processing begun of node:  node_id73
	processing begun of node:  node_id74
	processing begun of node:  node_id75
	processing begun of node:  node_id76
	processing begun of node:  node_id77
	processing begun of node:  node_id78
	processing begun of node:  node_id79
	processing begun of node:  node_id80
	processing begun of node:  node_id81
	processing begun of node:  node_id82
	processing begun of node:  node_id83
	processing begun of node:  node_id84
	processing begun of node:  node_id85
	processing begun of node:  node_id86
	processing begun of node:  node_id87
	processing begun of node:  node_id88
	processing begun of node:  node_id89
	processing begun of node:  node_id90
	processing begun of node:  node_id91
	processing begun of node:  node_id92
	processing begun of node:  node_id93
	processing begun of node:  node_id94
	processing begun of node:  node_id95
	processing begun of node:  node_id96
	processing begun of node:  node_id97
	processing begun of node:  node_id98
	processing begun of node:  node_id99
	processing begun of node:  node_id100
	processing begun of node:  node_id101
	processing begun of node:  node_id102
	processing begun of node:  node_id103
	processing begun of node:  node_id104
	processing begun of node:  node_id105
	processing begun of node:  node_id106
	processing begun of node:  node_id107
	processing begun of node:  node_id108
	processing begun of node:  node_id109
	processing begun of node:  node_id110
	processing begun of node:  node_id111
	processing begun of node:  node_id112
	processing begun of node:  node_id113
	processing begun of node:  node_id114
	processing begun of mesh:  node_id115
		processing begun of material:  51
			WARNING: unsupported node type(ShaderNodeInvert) will trigger baking
			WARNING: unsupported node type(ShaderNodeInvert) will trigger baking
			WARNING: unsupported node type(ShaderNodeAddShader) will trigger baking
			WARNING: Roughness channel baking required, but not possible, ignored
			processing texture Image_1
				texture type:  specularTexture, mapped using: "UVMap"
			processing texture Image_1
				texture type:  value not meaningful 2, mapped using: "UVMap"
			processing texture Image_0
				texture type:  diffuseTexture, mapped using: "UVMap"
			bake time:  0 min, 0.1651 secs
		Custom split normals with tangents being used
		num positions      :  29642
		num normals        :  29642
		num tangents       :  118568
		num uvs            :  59284
		num uvs2           :  0
		num colors         :  0
		num triangles      :  51731
	processing begun of camera (UniversalCamera):  Camera
	processing begun of light (POINT):  Light
========= Writing of JSON file started =========
	writing mesh:  node_id115
========= Writing of JSON file completed =========
========= end of processing =========
elapsed time:  0 min, 11.0544 secs
