Exporter version: 6.4.1, Blender version: 2.83.0
========= Conversion from Blender to Babylon.js =========
	Scene settings used :
		Inline textures     :  false
		Material Type       :  PBR
		Positions Precision :  4
		Normals Precision   :  3
		UVs Precision       :  3
		Vert Color Precision:  3
		Mat Weight Precision:  2
		Keep Z-up r-handed  :  no
		Texture directory   :  G:\My Drive\Maestría\Sapienza\Semester 2\Graphical Computer\Final_Project\RacingCar_Final_Version\final-project-birdayiauto\Models\Cars\Car12\
	Python World class constructor completed
	WARNING: No active camera has been assigned, or is not in a currently selected Blender layer
	processing begun of node:  Car1
	processing begun of node:  CHASSIS_EXPORT.1
	processing begun of node:  Axles_rear_right.2
	processing begun of mesh:  Mesh_0
		processing begun of material:  Material_0
			WARNING: unsupported node type(ShaderNodeInvert) will trigger baking
			WARNING: unsupported node type(ShaderNodeInvert) will trigger baking
			WARNING: unsupported node type(ShaderNodeAddShader) will trigger baking
			WARNING: Roughness channel baking required, but not possible, ignored
			processing texture Image_1
				texture type:  specularTexture, mapped using: "UVMap"
			processing texture Image_1
				texture type:  value not meaningful 2, mapped using: "UVMap"
			processing texture Image_0
				texture type:  diffuseTexture, mapped using: "UVMap"
			bake time:  0 min, 0.0559 secs
		Custom split normals with tangents being used
		num positions      :  874
		num normals        :  874
		num tangents       :  3496
		num uvs            :  1748
		num uvs2           :  0
		num colors         :  0
		num triangles      :  353
	processing begun of mesh:  Mesh_1
		processing begun of material:  Material_1
			WARNING: unsupported node type(ShaderNodeInvert) will trigger baking
			WARNING: unsupported node type(ShaderNodeInvert) will trigger baking
			WARNING: unsupported node type(ShaderNodeAddShader) will trigger baking
			WARNING: Roughness channel baking required, but not possible, ignored
			processing texture Image_3
				texture type:  specularTexture, mapped using: "UVMap"
			processing texture Image_3
				texture type:  value not meaningful 2, mapped using: "UVMap"
			processing texture Image_2
				texture type:  diffuseTexture, mapped using: "UVMap"
			bake time:  0 min, 0.012 secs
		Custom split normals with tangents being used
		num positions      :  687
		num normals        :  687
		num tangents       :  2748
		num uvs            :  1374
		num uvs2           :  0
		num colors         :  0
		num triangles      :  255
	processing begun of node:  Axle_rear_left.3
	processing begun of mesh:  Mesh_2
		processing begun of material:  Material_2
			WARNING: unsupported node type(ShaderNodeInvert) will trigger baking
			WARNING: unsupported node type(ShaderNodeInvert) will trigger baking
			WARNING: unsupported node type(ShaderNodeAddShader) will trigger baking
			WARNING: Roughness channel baking required, but not possible, ignored
			processing texture Image_1
				texture type:  specularTexture, mapped using: "UVMap"
			processing texture Image_1
				texture type:  value not meaningful 2, mapped using: "UVMap"
			processing texture Image_0
				texture type:  diffuseTexture, mapped using: "UVMap"
			bake time:  0 min, 0.01 secs
		Custom split normals with tangents being used
		num positions      :  886
		num normals        :  886
		num tangents       :  3544
		num uvs            :  1772
		num uvs2           :  0
		num colors         :  0
		num triangles      :  353
	processing begun of mesh:  Mesh_3
		processing begun of material:  Material_3
			WARNING: unsupported node type(ShaderNodeInvert) will trigger baking
			WARNING: unsupported node type(ShaderNodeInvert) will trigger baking
			WARNING: unsupported node type(ShaderNodeAddShader) will trigger baking
			WARNING: Roughness channel baking required, but not possible, ignored
			processing texture Image_3
				texture type:  specularTexture, mapped using: "UVMap"
			processing texture Image_3
				texture type:  value not meaningful 2, mapped using: "UVMap"
			processing texture Image_2
				texture type:  diffuseTexture, mapped using: "UVMap"
			bake time:  0 min, 0.011 secs
		Custom split normals with tangents being used
		num positions      :  689
		num normals        :  689
		num tangents       :  2756
		num uvs            :  1378
		num uvs2           :  0
		num colors         :  0
		num triangles      :  255
	processing begun of node:  SteeringWheel.4
	processing begun of mesh:  Support_Steering_Wheel
		processing begun of material:  Material_4
			WARNING: unsupported node type(ShaderNodeInvert) will trigger baking
			WARNING: unsupported node type(ShaderNodeInvert) will trigger baking
			WARNING: unsupported node type(ShaderNodeAddShader) will trigger baking
			WARNING: Roughness channel baking required, but not possible, ignored
			processing texture Image_1
				texture type:  specularTexture, mapped using: "UVMap"
			processing texture Image_1
				texture type:  value not meaningful 2, mapped using: "UVMap"
			processing texture Image_0
				texture type:  diffuseTexture, mapped using: "UVMap"
			bake time:  0 min, 0.008 secs
		Custom split normals with tangents being used
		num positions      :  70
		num normals        :  70
		num tangents       :  280
		num uvs            :  140
		num uvs2           :  0
		num colors         :  0
		num triangles      :  24
	processing begun of mesh:  Steering_Wheel
		processing begun of material:  Material_5
			WARNING: unsupported node type(ShaderNodeInvert) will trigger baking
			WARNING: unsupported node type(ShaderNodeInvert) will trigger baking
			WARNING: unsupported node type(ShaderNodeAddShader) will trigger baking
			WARNING: Roughness channel baking required, but not possible, ignored
			processing texture Image_5
				texture type:  specularTexture, mapped using: "UVMap"
			processing texture Image_5
				texture type:  value not meaningful 2, mapped using: "UVMap"
			processing texture Image_4
				texture type:  diffuseTexture, mapped using: "UVMap"
			bake time:  0 min, 0.014 secs
		Custom split normals with tangents being used
		num positions      :  1043
		num normals        :  1043
		num tangents       :  4172
		num uvs            :  2086
		num uvs2           :  0
		num colors         :  0
		num triangles      :  500
	processing begun of mesh:  Emblem_rear.5
		processing begun of material:  Material_6
			WARNING: unsupported node type(ShaderNodeInvert) will trigger baking
			WARNING: unsupported node type(ShaderNodeInvert) will trigger baking
			WARNING: unsupported node type(ShaderNodeAddShader) will trigger baking
			WARNING: Roughness channel baking required, but not possible, ignored
			processing texture Image_1
				texture type:  specularTexture, mapped using: "UVMap"
			processing texture Image_1
				texture type:  value not meaningful 2, mapped using: "UVMap"
			processing texture Image_0
				texture type:  diffuseTexture, mapped using: "UVMap"
			bake time:  0 min, 0.008 secs
		Custom split normals with tangents being used
		num positions      :  218
		num normals        :  218
		num tangents       :  872
		num uvs            :  436
		num uvs2           :  0
		num colors         :  0
		num triangles      :  124
	processing begun of mesh:  Emblem_front.6
		processing begun of material:  Material_7
			WARNING: unsupported node type(ShaderNodeInvert) will trigger baking
			WARNING: unsupported node type(ShaderNodeInvert) will trigger baking
			WARNING: unsupported node type(ShaderNodeAddShader) will trigger baking
			WARNING: Roughness channel baking required, but not possible, ignored
			processing texture Image_1
				texture type:  specularTexture, mapped using: "UVMap"
			processing texture Image_1
				texture type:  value not meaningful 2, mapped using: "UVMap"
			processing texture Image_0
				texture type:  diffuseTexture, mapped using: "UVMap"
			bake time:  0 min, 0.008 secs
		Custom split normals with tangents being used
		num positions      :  135
		num normals        :  135
		num tangents       :  540
		num uvs            :  270
		num uvs2           :  0
		num colors         :  0
		num triangles      :  94
	processing begun of node:  Exhaust.7
	processing begun of mesh:  Exhaust_upper
		processing begun of material:  Material_8
			WARNING: unsupported node type(ShaderNodeInvert) will trigger baking
			WARNING: unsupported node type(ShaderNodeInvert) will trigger baking
			WARNING: unsupported node type(ShaderNodeAddShader) will trigger baking
			WARNING: Roughness channel baking required, but not possible, ignored
			processing texture Image_1
				texture type:  specularTexture, mapped using: "UVMap"
			processing texture Image_1
				texture type:  value not meaningful 2, mapped using: "UVMap"
			processing texture Image_0
				texture type:  diffuseTexture, mapped using: "UVMap"
			bake time:  0 min, 0.015 secs
		Custom split normals with tangents being used
		num positions      :  2593
		num normals        :  2593
		num tangents       :  10372
		num uvs            :  5186
		num uvs2           :  0
		num colors         :  0
		num triangles      :  1304
	processing begun of mesh:  Exhaust_lower
		processing begun of material:  Material_9
			WARNING: unsupported node type(ShaderNodeInvert) will trigger baking
			WARNING: unsupported node type(ShaderNodeInvert) will trigger baking
			WARNING: unsupported node type(ShaderNodeAddShader) will trigger baking
			WARNING: Roughness channel baking required, but not possible, ignored
			processing texture Image_3
				texture type:  specularTexture, mapped using: "UVMap"
			processing texture Image_3
				texture type:  value not meaningful 2, mapped using: "UVMap"
			processing texture Image_2
				texture type:  diffuseTexture, mapped using: "UVMap"
			bake time:  0 min, 0.011 secs
		Custom split normals with tangents being used
		num positions      :  180
		num normals        :  180
		num tangents       :  720
		num uvs            :  360
		num uvs2           :  0
		num colors         :  0
		num triangles      :  72
	processing begun of node:  rear_diff.8
	processing begun of mesh:  Rear_Differential_Upper
		processing begun of material:  Material_10
			WARNING: unsupported node type(ShaderNodeInvert) will trigger baking
			WARNING: unsupported node type(ShaderNodeInvert) will trigger baking
			WARNING: unsupported node type(ShaderNodeAddShader) will trigger baking
			WARNING: Roughness channel baking required, but not possible, ignored
			processing texture Image_3
				texture type:  specularTexture, mapped using: "UVMap"
			processing texture Image_3
				texture type:  value not meaningful 2, mapped using: "UVMap"
			processing texture Image_2
				texture type:  diffuseTexture, mapped using: "UVMap"
			bake time:  0 min, 0.009 secs
		Custom split normals with tangents being used
		num positions      :  658
		num normals        :  658
		num tangents       :  2632
		num uvs            :  1316
		num uvs2           :  0
		num colors         :  0
		num triangles      :  290
	processing begun of mesh:  Rear_Differential_Lower
		processing begun of material:  Material_11
			WARNING: unsupported node type(ShaderNodeInvert) will trigger baking
			WARNING: unsupported node type(ShaderNodeInvert) will trigger baking
			WARNING: unsupported node type(ShaderNodeAddShader) will trigger baking
			WARNING: Roughness channel baking required, but not possible, ignored
			processing texture Image_1
				texture type:  specularTexture, mapped using: "UVMap"
			processing texture Image_1
				texture type:  value not meaningful 2, mapped using: "UVMap"
			processing texture Image_0
				texture type:  diffuseTexture, mapped using: "UVMap"
			bake time:  0 min, 0.01 secs
		Custom split normals with tangents being used
		num positions      :  694
		num normals        :  694
		num tangents       :  2776
		num uvs            :  1388
		num uvs2           :  0
		num colors         :  0
		num triangles      :  306
	processing begun of node:  Trims_Accesseriers1.9
	processing begun of node:  polySurface5.10
	processing begun of node:  polySurface8.11
	processing begun of mesh:  mirror_support
		processing begun of material:  Material_12
			WARNING: unsupported node type(ShaderNodeInvert) will trigger baking
			WARNING: unsupported node type(ShaderNodeInvert) will trigger baking
			WARNING: unsupported node type(ShaderNodeAddShader) will trigger baking
			WARNING: Roughness channel baking required, but not possible, ignored
			processing texture Image_1
				texture type:  specularTexture, mapped using: "UVMap"
			processing texture Image_1
				texture type:  value not meaningful 2, mapped using: "UVMap"
			processing texture Image_0
				texture type:  diffuseTexture, mapped using: "UVMap"
			bake time:  0 min, 0.0135 secs
		Custom split normals with tangents being used
		num positions      :  1972
		num normals        :  1972
		num tangents       :  7888
		num uvs            :  3944
		num uvs2           :  0
		num colors         :  0
		num triangles      :  790
	processing begun of mesh:  mirror1
		processing begun of material:  Material_13
			WARNING: unsupported node type(ShaderNodeInvert) will trigger baking
			WARNING: unsupported node type(ShaderNodeInvert) will trigger baking
			WARNING: unsupported node type(ShaderNodeAddShader) will trigger baking
			WARNING: Roughness channel baking required, but not possible, ignored
			processing texture Image_3
				texture type:  specularTexture, mapped using: "UVMap"
			processing texture Image_3
				texture type:  value not meaningful 2, mapped using: "UVMap"
			processing texture Image_2
				texture type:  diffuseTexture, mapped using: "UVMap"
			bake time:  0 min, 0.009 secs
		Custom split normals with tangents being used
		num positions      :  144
		num normals        :  144
		num tangents       :  576
		num uvs            :  288
		num uvs2           :  0
		num colors         :  0
		num triangles      :  48
	processing begun of mesh:  Mirror2
		processing begun of material:  Material_14
			WARNING: unsupported node type(ShaderNodeInvert) will trigger baking
			WARNING: unsupported node type(ShaderNodeInvert) will trigger baking
			WARNING: unsupported node type(ShaderNodeAddShader) will trigger baking
			WARNING: Roughness channel baking required, but not possible, ignored
			processing texture Image_7
				texture type:  specularTexture, mapped using: "UVMap"
			processing texture Image_7
				texture type:  value not meaningful 2, mapped using: "UVMap"
			processing texture Image_6
				texture type:  diffuseTexture, mapped using: "UVMap"
			bake time:  0 min, 0.013 secs
		Custom split normals with tangents being used
		num positions      :  660
		num normals        :  660
		num tangents       :  2640
		num uvs            :  1320
		num uvs2           :  0
		num colors         :  0
		num triangles      :  220
	processing begun of node:  Headlights_Chrome.12
	processing begun of mesh:  Body_Head_Lights
		processing begun of material:  Material_15
			WARNING: unsupported node type(ShaderNodeInvert) will trigger baking
			WARNING: unsupported node type(ShaderNodeInvert) will trigger baking
			WARNING: unsupported node type(ShaderNodeAddShader) will trigger baking
			WARNING: Roughness channel baking required, but not possible, ignored
			processing texture Image_1
				texture type:  specularTexture, mapped using: "UVMap"
			processing texture Image_1
				texture type:  value not meaningful 2, mapped using: "UVMap"
			processing texture Image_0
				texture type:  diffuseTexture, mapped using: "UVMap"
			bake time:  0 min, 0.012 secs
		Custom split normals with tangents being used
		num positions      :  998
		num normals        :  998
		num tangents       :  3992
		num uvs            :  1996
		num uvs2           :  0
		num colors         :  0
		num triangles      :  340
	processing begun of mesh:  Middle_Head_Lights
		processing begun of material:  Material_16
			WARNING: unsupported node type(ShaderNodeAddShader) will trigger baking
			WARNING: unsupported node type(ShaderNodeAddShader) will trigger baking
			processing texture Image_8
				texture type:  emissiveTexture, mapped using: "UVMap"
			processing texture Image_8
				texture type:  diffuseTexture, mapped using: "UVMap"
			bake time:  0 min, 0.009 secs
		Custom split normals with tangents being used
		num positions      :  276
		num normals        :  276
		num tangents       :  1104
		num uvs            :  552
		num uvs2           :  0
		num colors         :  0
		num triangles      :  92
	processing begun of mesh:  Lamp_Head_Lights
		processing begun of material:  Material_17
			WARNING: unsupported node type(ShaderNodeInvert) will trigger baking
			WARNING: unsupported node type(ShaderNodeInvert) will trigger baking
			WARNING: unsupported node type(ShaderNodeAddShader) will trigger baking
			WARNING: Roughness channel baking required, but not possible, ignored
			processing texture Image_3
				texture type:  specularTexture, mapped using: "UVMap"
			processing texture Image_3
				texture type:  value not meaningful 2, mapped using: "UVMap"
			processing texture Image_2
				texture type:  diffuseTexture, mapped using: "UVMap"
			bake time:  0 min, 0.009 secs
		Custom split normals with tangents being used
		num positions      :  420
		num normals        :  420
		num tangents       :  1680
		num uvs            :  840
		num uvs2           :  0
		num colors         :  0
		num triangles      :  172
	processing begun of node:  Wheels
	processing begun of mesh:  Rin_left
		processing begun of material:  Material_18
			WARNING: unsupported node type(ShaderNodeInvert) will trigger baking
			WARNING: unsupported node type(ShaderNodeInvert) will trigger baking
			WARNING: unsupported node type(ShaderNodeAddShader) will trigger baking
			WARNING: Roughness channel baking required, but not possible, ignored
			processing texture Image_1
				texture type:  specularTexture, mapped using: "UVMap"
			processing texture Image_1
				texture type:  value not meaningful 2, mapped using: "UVMap"
			processing texture Image_9
				texture type:  diffuseTexture, mapped using: "UVMap"
			bake time:  0 min, 0.014 secs
		Custom split normals with tangents being used
		num positions      :  2364
		num normals        :  2364
		num tangents       :  9456
		num uvs            :  4728
		num uvs2           :  0
		num colors         :  0
		num triangles      :  1039
	processing begun of mesh:  Tire_left
		processing begun of material:  Material_19
			WARNING: unsupported node type(ShaderNodeInvert) will trigger baking
			WARNING: unsupported node type(ShaderNodeInvert) will trigger baking
			WARNING: unsupported node type(ShaderNodeAddShader) will trigger baking
			WARNING: Roughness channel baking required, but not possible, ignored
			processing texture Image_11
				texture type:  specularTexture, mapped using: "UVMap"
			processing texture Image_11
				texture type:  value not meaningful 2, mapped using: "UVMap"
			processing texture Image_10
				texture type:  diffuseTexture, mapped using: "UVMap"
			bake time:  0 min, 0.009 secs
		Custom split normals with tangents being used
		num positions      :  598
		num normals        :  598
		num tangents       :  2392
		num uvs            :  1196
		num uvs2           :  0
		num colors         :  0
		num triangles      :  204
	processing begun of mesh:  Left_Wheel
		processing begun of material:  Material_20
			WARNING: unsupported node type(ShaderNodeInvert) will trigger baking
			WARNING: unsupported node type(ShaderNodeInvert) will trigger baking
			WARNING: unsupported node type(ShaderNodeAddShader) will trigger baking
			WARNING: Roughness channel baking required, but not possible, ignored
			processing texture Image_11
				texture type:  specularTexture, mapped using: "UVMap"
			processing texture Image_11
				texture type:  value not meaningful 2, mapped using: "UVMap"
			processing texture Image_12
				texture type:  diffuseTexture, mapped using: "UVMap"
			bake time:  0 min, 0.01 secs
		Custom split normals with tangents being used
		num positions      :  430
		num normals        :  430
		num tangents       :  1720
		num uvs            :  860
		num uvs2           :  0
		num colors         :  0
		num triangles      :  144
	processing begun of mesh:  Rin_Back_Left
		processing begun of material:  Material_21
			WARNING: unsupported node type(ShaderNodeInvert) will trigger baking
			WARNING: unsupported node type(ShaderNodeInvert) will trigger baking
			WARNING: unsupported node type(ShaderNodeAddShader) will trigger baking
			WARNING: Roughness channel baking required, but not possible, ignored
			processing texture Image_1
				texture type:  specularTexture, mapped using: "UVMap"
			processing texture Image_1
				texture type:  value not meaningful 2, mapped using: "UVMap"
			processing texture Image_9
				texture type:  diffuseTexture, mapped using: "UVMap"
			bake time:  0 min, 0.014 secs
		Custom split normals with tangents being used
		num positions      :  2358
		num normals        :  2358
		num tangents       :  9432
		num uvs            :  4716
		num uvs2           :  0
		num colors         :  0
		num triangles      :  1039
	processing begun of mesh:  Tire_Back_left
		processing begun of material:  Material_22
			WARNING: unsupported node type(ShaderNodeInvert) will trigger baking
			WARNING: unsupported node type(ShaderNodeInvert) will trigger baking
			WARNING: unsupported node type(ShaderNodeAddShader) will trigger baking
			WARNING: Roughness channel baking required, but not possible, ignored
			processing texture Image_11
				texture type:  specularTexture, mapped using: "UVMap"
			processing texture Image_11
				texture type:  value not meaningful 2, mapped using: "UVMap"
			processing texture Image_10
				texture type:  diffuseTexture, mapped using: "UVMap"
			bake time:  0 min, 0.011 secs
		Custom split normals with tangents being used
		num positions      :  598
		num normals        :  598
		num tangents       :  2392
		num uvs            :  1196
		num uvs2           :  0
		num colors         :  0
		num triangles      :  204
	processing begun of mesh:  Back_Left_Wheel
		processing begun of material:  Material_23
			WARNING: unsupported node type(ShaderNodeInvert) will trigger baking
			WARNING: unsupported node type(ShaderNodeInvert) will trigger baking
			WARNING: unsupported node type(ShaderNodeAddShader) will trigger baking
			WARNING: Roughness channel baking required, but not possible, ignored
			processing texture Image_11
				texture type:  specularTexture, mapped using: "UVMap"
			processing texture Image_11
				texture type:  value not meaningful 2, mapped using: "UVMap"
			processing texture Image_12
				texture type:  diffuseTexture, mapped using: "UVMap"
			bake time:  0 min, 0.008 secs
		Custom split normals with tangents being used
		num positions      :  432
		num normals        :  432
		num tangents       :  1728
		num uvs            :  864
		num uvs2           :  0
		num colors         :  0
		num triangles      :  144
	processing begun of mesh:  Rin_Back_Right
		processing begun of material:  Material_24
			WARNING: unsupported node type(ShaderNodeInvert) will trigger baking
			WARNING: unsupported node type(ShaderNodeInvert) will trigger baking
			WARNING: unsupported node type(ShaderNodeAddShader) will trigger baking
			WARNING: Roughness channel baking required, but not possible, ignored
			processing texture Image_1
				texture type:  specularTexture, mapped using: "UVMap"
			processing texture Image_1
				texture type:  value not meaningful 2, mapped using: "UVMap"
			processing texture Image_9
				texture type:  diffuseTexture, mapped using: "UVMap"
			bake time:  0 min, 0.015 secs
		Custom split normals with tangents being used
		num positions      :  2366
		num normals        :  2366
		num tangents       :  9464
		num uvs            :  4732
		num uvs2           :  0
		num colors         :  0
		num triangles      :  1039
	processing begun of mesh:  Tire_Back_Right
		processing begun of material:  Material_25
			WARNING: unsupported node type(ShaderNodeInvert) will trigger baking
			WARNING: unsupported node type(ShaderNodeInvert) will trigger baking
			WARNING: unsupported node type(ShaderNodeAddShader) will trigger baking
			WARNING: Roughness channel baking required, but not possible, ignored
			processing texture Image_11
				texture type:  specularTexture, mapped using: "UVMap"
			processing texture Image_11
				texture type:  value not meaningful 2, mapped using: "UVMap"
			processing texture Image_10
				texture type:  diffuseTexture, mapped using: "UVMap"
			bake time:  0 min, 0.013 secs
		Custom split normals with tangents being used
		num positions      :  598
		num normals        :  598
		num tangents       :  2392
		num uvs            :  1196
		num uvs2           :  0
		num colors         :  0
		num triangles      :  204
	processing begun of mesh:  Back_Right_Wheel
		processing begun of material:  Material_26
			WARNING: unsupported node type(ShaderNodeInvert) will trigger baking
			WARNING: unsupported node type(ShaderNodeInvert) will trigger baking
			WARNING: unsupported node type(ShaderNodeAddShader) will trigger baking
			WARNING: Roughness channel baking required, but not possible, ignored
			processing texture Image_11
				texture type:  specularTexture, mapped using: "UVMap"
			processing texture Image_11
				texture type:  value not meaningful 2, mapped using: "UVMap"
			processing texture Image_12
				texture type:  diffuseTexture, mapped using: "UVMap"
			bake time:  0 min, 0.009 secs
		Custom split normals with tangents being used
		num positions      :  429
		num normals        :  429
		num tangents       :  1716
		num uvs            :  858
		num uvs2           :  0
		num colors         :  0
		num triangles      :  144
	processing begun of mesh:  Rin_Right
		processing begun of material:  Material_27
			WARNING: unsupported node type(ShaderNodeInvert) will trigger baking
			WARNING: unsupported node type(ShaderNodeInvert) will trigger baking
			WARNING: unsupported node type(ShaderNodeAddShader) will trigger baking
			WARNING: Roughness channel baking required, but not possible, ignored
			processing texture Image_1
				texture type:  specularTexture, mapped using: "UVMap"
			processing texture Image_1
				texture type:  value not meaningful 2, mapped using: "UVMap"
			processing texture Image_9
				texture type:  diffuseTexture, mapped using: "UVMap"
			bake time:  0 min, 0.013 secs
		Custom split normals with tangents being used
		num positions      :  2386
		num normals        :  2386
		num tangents       :  9544
		num uvs            :  4772
		num uvs2           :  0
		num colors         :  0
		num triangles      :  1039
	processing begun of mesh:  Tire_Right
		processing begun of material:  Material_28
			WARNING: unsupported node type(ShaderNodeInvert) will trigger baking
			WARNING: unsupported node type(ShaderNodeInvert) will trigger baking
			WARNING: unsupported node type(ShaderNodeAddShader) will trigger baking
			WARNING: Roughness channel baking required, but not possible, ignored
			processing texture Image_11
				texture type:  specularTexture, mapped using: "UVMap"
			processing texture Image_11
				texture type:  value not meaningful 2, mapped using: "UVMap"
			processing texture Image_10
				texture type:  diffuseTexture, mapped using: "UVMap"
			bake time:  0 min, 0.01 secs
		Custom split normals with tangents being used
		num positions      :  598
		num normals        :  598
		num tangents       :  2392
		num uvs            :  1196
		num uvs2           :  0
		num colors         :  0
		num triangles      :  204
	processing begun of mesh:  Right_Wheel
		processing begun of material:  Material_29
			WARNING: unsupported node type(ShaderNodeInvert) will trigger baking
			WARNING: unsupported node type(ShaderNodeInvert) will trigger baking
			WARNING: unsupported node type(ShaderNodeAddShader) will trigger baking
			WARNING: Roughness channel baking required, but not possible, ignored
			processing texture Image_11
				texture type:  specularTexture, mapped using: "UVMap"
			processing texture Image_11
				texture type:  value not meaningful 2, mapped using: "UVMap"
			processing texture Image_12
				texture type:  diffuseTexture, mapped using: "UVMap"
			bake time:  0 min, 0.01 secs
		Custom split normals with tangents being used
		num positions      :  432
		num normals        :  432
		num tangents       :  1728
		num uvs            :  864
		num uvs2           :  0
		num colors         :  0
		num triangles      :  144
	processing begun of mesh:  Axle_front_right.18
		processing begun of material:  Material_30
			WARNING: unsupported node type(ShaderNodeInvert) will trigger baking
			WARNING: unsupported node type(ShaderNodeInvert) will trigger baking
			WARNING: unsupported node type(ShaderNodeAddShader) will trigger baking
			WARNING: Roughness channel baking required, but not possible, ignored
			processing texture Image_1
				texture type:  specularTexture, mapped using: "UVMap"
			processing texture Image_1
				texture type:  value not meaningful 2, mapped using: "UVMap"
			processing texture Image_0
				texture type:  diffuseTexture, mapped using: "UVMap"
			bake time:  0 min, 0.009 secs
		Custom split normals with tangents being used
		num positions      :  869
		num normals        :  869
		num tangents       :  3476
		num uvs            :  1738
		num uvs2           :  0
		num colors         :  0
		num triangles      :  442
	processing begun of node:  Body
	processing begun of mesh:  Defense1
		processing begun of material:  Material_31
			WARNING: unsupported node type(ShaderNodeInvert) will trigger baking
			WARNING: unsupported node type(ShaderNodeInvert) will trigger baking
			WARNING: unsupported node type(ShaderNodeAddShader) will trigger baking
			WARNING: Roughness channel baking required, but not possible, ignored
			processing texture Image_1
				texture type:  specularTexture, mapped using: "UVMap"
			processing texture Image_1
				texture type:  value not meaningful 2, mapped using: "UVMap"
			processing texture Image_0
				texture type:  diffuseTexture, mapped using: "UVMap"
			bake time:  0 min, 0.012 secs
		Custom split normals with tangents being used
		num positions      :  1771
		num normals        :  1771
		num tangents       :  7084
		num uvs            :  3542
		num uvs2           :  0
		num colors         :  0
		num triangles      :  676
	processing begun of mesh:  Defense2
		processing begun of material:  Material_32
			WARNING: unsupported node type(ShaderNodeInvert) will trigger baking
			WARNING: unsupported node type(ShaderNodeInvert) will trigger baking
			WARNING: unsupported node type(ShaderNodeAddShader) will trigger baking
			WARNING: Roughness channel baking required, but not possible, ignored
			processing texture Image_14
				texture type:  specularTexture, mapped using: "UVMap"
			processing texture Image_14
				texture type:  value not meaningful 2, mapped using: "UVMap"
			processing texture Image_13
				texture type:  diffuseTexture, mapped using: "UVMap"
			bake time:  0 min, 0.01 secs
		Custom split normals with tangents being used
		num positions      :  372
		num normals        :  372
		num tangents       :  1488
		num uvs            :  744
		num uvs2           :  0
		num colors         :  0
		num triangles      :  124
	processing begun of mesh:  Covering_part1
		processing begun of material:  Material_33
			WARNING: unsupported node type(ShaderNodeInvert) will trigger baking
			WARNING: unsupported node type(ShaderNodeInvert) will trigger baking
			WARNING: unsupported node type(ShaderNodeAddShader) will trigger baking
			WARNING: Roughness channel baking required, but not possible, ignored
			processing texture Image_14
				texture type:  specularTexture, mapped using: "UVMap"
			processing texture Image_14
				texture type:  value not meaningful 2, mapped using: "UVMap"
			processing texture Image_15
				texture type:  diffuseTexture, mapped using: "UVMap"
			bake time:  0 min, 0.0189 secs
		Custom split normals with tangents being used
		num positions      :  4090
		num normals        :  4090
		num tangents       :  16360
		num uvs            :  8180
		num uvs2           :  0
		num colors         :  0
		num triangles      :  1366
	processing begun of mesh:  Frontal_panel1
		processing begun of material:  Material_34
			WARNING: unsupported node type(ShaderNodeInvert) will trigger baking
			WARNING: unsupported node type(ShaderNodeInvert) will trigger baking
			WARNING: unsupported node type(ShaderNodeAddShader) will trigger baking
			WARNING: Roughness channel baking required, but not possible, ignored
			processing texture Image_11
				texture type:  specularTexture, mapped using: "UVMap"
			processing texture Image_11
				texture type:  value not meaningful 2, mapped using: "UVMap"
			processing texture Image_16
				texture type:  diffuseTexture, mapped using: "UVMap"
			bake time:  0 min, 0.011 secs
		Custom split normals with tangents being used
		num positions      :  168
		num normals        :  168
		num tangents       :  672
		num uvs            :  336
		num uvs2           :  0
		num colors         :  0
		num triangles      :  56
	processing begun of mesh:  Front Defense
		processing begun of material:  Material_35
			WARNING: unsupported node type(ShaderNodeInvert) will trigger baking
			WARNING: unsupported node type(ShaderNodeInvert) will trigger baking
			WARNING: unsupported node type(ShaderNodeAddShader) will trigger baking
			WARNING: Roughness channel baking required, but not possible, ignored
			processing texture Image_18
				texture type:  specularTexture, mapped using: "UVMap"
			processing texture Image_18
				texture type:  value not meaningful 2, mapped using: "UVMap"
			processing texture Image_17
				texture type:  diffuseTexture, mapped using: "UVMap"
			bake time:  0 min, 0.011 secs
		Custom split normals with tangents being used
		num positions      :  222
		num normals        :  222
		num tangents       :  888
		num uvs            :  444
		num uvs2           :  0
		num colors         :  0
		num triangles      :  74
	processing begun of mesh:  Covering_part_2
		processing begun of material:  Material_36
			WARNING: unsupported node type(ShaderNodeInvert) will trigger baking
			WARNING: unsupported node type(ShaderNodeInvert) will trigger baking
			WARNING: unsupported node type(ShaderNodeAddShader) will trigger baking
			WARNING: Roughness channel baking required, but not possible, ignored
			processing texture Image_3
				texture type:  specularTexture, mapped using: "UVMap"
			processing texture Image_3
				texture type:  value not meaningful 2, mapped using: "UVMap"
			processing texture Image_2
				texture type:  diffuseTexture, mapped using: "UVMap"
			bake time:  0 min, 0.013 secs
		Custom split normals with tangents being used
		num positions      :  1256
		num normals        :  1256
		num tangents       :  5024
		num uvs            :  2512
		num uvs2           :  0
		num colors         :  0
		num triangles      :  430
	processing begun of mesh:  Covering_Part3
		processing begun of material:  Material_37
			WARNING: unsupported node type(ShaderNodeInvert) will trigger baking
			WARNING: unsupported node type(ShaderNodeInvert) will trigger baking
			WARNING: unsupported node type(ShaderNodeAddShader) will trigger baking
			WARNING: Roughness channel baking required, but not possible, ignored
			processing texture Image_5
				texture type:  specularTexture, mapped using: "UVMap"
			processing texture Image_5
				texture type:  value not meaningful 2, mapped using: "UVMap"
			processing texture Image_19
				texture type:  diffuseTexture, mapped using: "UVMap"
			bake time:  0 min, 0.015 secs
		Custom split normals with tangents being used
		num positions      :  558
		num normals        :  558
		num tangents       :  2232
		num uvs            :  1116
		num uvs2           :  0
		num colors         :  0
		num triangles      :  202
	processing begun of mesh:  Clock1
		processing begun of material:  Material_38
			WARNING: unsupported node type(ShaderNodeInvert) will trigger baking
			WARNING: unsupported node type(ShaderNodeInvert) will trigger baking
			WARNING: unsupported node type(ShaderNodeAddShader) will trigger baking
			WARNING: Roughness channel baking required, but not possible, ignored
			processing texture Image_3
				texture type:  specularTexture, mapped using: "UVMap"
			processing texture Image_3
				texture type:  value not meaningful 2, mapped using: "UVMap"
			processing texture Image_20
				texture type:  diffuseTexture, mapped using: "UVMap"
			bake time:  0 min, 0.014 secs
		Custom split normals with tangents being used
		num positions      :  144
		num normals        :  144
		num tangents       :  576
		num uvs            :  288
		num uvs2           :  0
		num colors         :  0
		num triangles      :  48
	processing begun of mesh:  Clock2
		processing begun of material:  Material_39
			WARNING: unsupported node type(ShaderNodeInvert) will trigger baking
			WARNING: unsupported node type(ShaderNodeInvert) will trigger baking
			WARNING: unsupported node type(ShaderNodeAddShader) will trigger baking
			WARNING: Roughness channel baking required, but not possible, ignored
			processing texture Image_3
				texture type:  specularTexture, mapped using: "UVMap"
			processing texture Image_3
				texture type:  value not meaningful 2, mapped using: "UVMap"
			processing texture Image_21
				texture type:  diffuseTexture, mapped using: "UVMap"
			bake time:  0 min, 0.02 secs
		Custom split normals with tangents being used
		num positions      :  144
		num normals        :  144
		num tangents       :  576
		num uvs            :  288
		num uvs2           :  0
		num colors         :  0
		num triangles      :  48
	processing begun of mesh:  clock4
		processing begun of material:  Material_40
			WARNING: unsupported node type(ShaderNodeInvert) will trigger baking
			WARNING: unsupported node type(ShaderNodeInvert) will trigger baking
			WARNING: unsupported node type(ShaderNodeAddShader) will trigger baking
			WARNING: Roughness channel baking required, but not possible, ignored
			processing texture Image_3
				texture type:  specularTexture, mapped using: "UVMap"
			processing texture Image_3
				texture type:  value not meaningful 2, mapped using: "UVMap"
			processing texture Image_22
				texture type:  diffuseTexture, mapped using: "UVMap"
			bake time:  0 min, 0.01 secs
		Custom split normals with tangents being used
		num positions      :  288
		num normals        :  288
		num tangents       :  1152
		num uvs            :  576
		num uvs2           :  0
		num colors         :  0
		num triangles      :  96
	processing begun of mesh:  Clock3
		processing begun of material:  Material_41
			WARNING: unsupported node type(ShaderNodeInvert) will trigger baking
			WARNING: unsupported node type(ShaderNodeInvert) will trigger baking
			WARNING: unsupported node type(ShaderNodeAddShader) will trigger baking
			WARNING: Roughness channel baking required, but not possible, ignored
			processing texture Image_3
				texture type:  specularTexture, mapped using: "UVMap"
			processing texture Image_3
				texture type:  value not meaningful 2, mapped using: "UVMap"
			processing texture Image_23
				texture type:  diffuseTexture, mapped using: "UVMap"
			bake time:  0 min, 0.011 secs
		Custom split normals with tangents being used
		num positions      :  144
		num normals        :  144
		num tangents       :  576
		num uvs            :  288
		num uvs2           :  0
		num colors         :  0
		num triangles      :  48
	processing begun of node:  polySurface7.20
	processing begun of mesh:  Wind_shield_support
		processing begun of material:  Material_42
			WARNING: unsupported node type(ShaderNodeInvert) will trigger baking
			WARNING: unsupported node type(ShaderNodeInvert) will trigger baking
			WARNING: unsupported node type(ShaderNodeAddShader) will trigger baking
			WARNING: Roughness channel baking required, but not possible, ignored
			processing texture Image_25
				texture type:  specularTexture, mapped using: "UVMap"
			processing texture Image_25
				texture type:  value not meaningful 2, mapped using: "UVMap"
			processing texture Image_24
				texture type:  diffuseTexture, mapped using: "UVMap"
			bake time:  0 min, 0.013 secs
		Custom split normals with tangents being used
		num positions      :  16
		num normals        :  16
		num tangents       :  64
		num uvs            :  32
		num uvs2           :  0
		num colors         :  0
		num triangles      :  12
	processing begun of mesh:  shield_support
		processing begun of material:  Material_43
			WARNING: unsupported node type(ShaderNodeInvert) will trigger baking
			WARNING: unsupported node type(ShaderNodeInvert) will trigger baking
			WARNING: unsupported node type(ShaderNodeAddShader) will trigger baking
			WARNING: Roughness channel baking required, but not possible, ignored
			processing texture Image_1
				texture type:  specularTexture, mapped using: "UVMap"
			processing texture Image_1
				texture type:  value not meaningful 2, mapped using: "UVMap"
			processing texture Image_0
				texture type:  diffuseTexture, mapped using: "UVMap"
			bake time:  0 min, 0.01 secs
		Custom split normals with tangents being used
		num positions      :  192
		num normals        :  192
		num tangents       :  768
		num uvs            :  384
		num uvs2           :  0
		num colors         :  0
		num triangles      :  64
	processing begun of mesh:  Body_Box
		WARNING: No materials have been assigned: 
		num positions      :  29
		num normals        :  29
		num tangents       :  0
		num uvs            :  58
		num uvs2           :  0
		num colors         :  0
		num triangles      :  12
	processing begun of mesh:  Right_Wheel_Cylinder
		WARNING: No materials have been assigned: 
		num positions      :  309
		num normals        :  309
		num tangents       :  0
		num uvs            :  618
		num uvs2           :  0
		num colors         :  0
		num triangles      :  124
	processing begun of mesh:  Left_Wheel_Cylinder
		WARNING: No materials have been assigned: 
		num positions      :  309
		num normals        :  309
		num tangents       :  0
		num uvs            :  618
		num uvs2           :  0
		num colors         :  0
		num triangles      :  124
	processing begun of mesh:  Back_Left_Wheel_Cylinder
		WARNING: No materials have been assigned: 
		num positions      :  629
		num normals        :  629
		num tangents       :  0
		num uvs            :  1258
		num uvs2           :  0
		num colors         :  0
		num triangles      :  252
	processing begun of mesh:  Back_Right_Wheel_Cylinder
		WARNING: No materials have been assigned: 
		num positions      :  629
		num normals        :  629
		num tangents       :  0
		num uvs            :  1258
		num uvs2           :  0
		num colors         :  0
		num triangles      :  252
========= Writing of JSON file started =========
	writing mesh:  Mesh_0
	writing mesh:  Mesh_1
	writing mesh:  Mesh_2
	writing mesh:  Mesh_3
	writing mesh:  Support_Steering_Wheel
	writing mesh:  Steering_Wheel
	writing mesh:  Emblem_rear.5
	writing mesh:  Emblem_front.6
	writing mesh:  Exhaust_upper
	writing mesh:  Exhaust_lower
	writing mesh:  Rear_Differential_Upper
	writing mesh:  Rear_Differential_Lower
	writing mesh:  mirror_support
	writing mesh:  mirror1
	writing mesh:  Mirror2
	writing mesh:  Body_Head_Lights
	writing mesh:  Middle_Head_Lights
	writing mesh:  Lamp_Head_Lights
	writing mesh:  Rin_left
	writing mesh:  Tire_left
	writing mesh:  Left_Wheel
	writing mesh:  Rin_Back_Left
	writing mesh:  Tire_Back_left
	writing mesh:  Back_Left_Wheel
	writing mesh:  Rin_Back_Right
	writing mesh:  Tire_Back_Right
	writing mesh:  Back_Right_Wheel
	writing mesh:  Rin_Right
	writing mesh:  Tire_Right
	writing mesh:  Right_Wheel
	writing mesh:  Axle_front_right.18
	writing mesh:  Defense1
	writing mesh:  Defense2
	writing mesh:  Covering_part1
	writing mesh:  Frontal_panel1
	writing mesh:  Front Defense
	writing mesh:  Covering_part_2
	writing mesh:  Covering_Part3
	writing mesh:  Clock1
	writing mesh:  Clock2
	writing mesh:  clock4
	writing mesh:  Clock3
	writing mesh:  Wind_shield_support
	writing mesh:  shield_support
	writing mesh:  Body_Box
	writing mesh:  Right_Wheel_Cylinder
	writing mesh:  Left_Wheel_Cylinder
	writing mesh:  Back_Left_Wheel_Cylinder
	writing mesh:  Back_Right_Wheel_Cylinder
========= Writing of JSON file completed =========
========= end of processing =========
elapsed time:  0 min, 17.0555 secs
